<?xml version="1.0" encoding="UTF-8"?>
<!-- Generated by org.testng.reporters.JUnitReportReporter -->
<testsuite hostname="LAPTOP-1HVL26VJ" failures="0" tests="1" name="com.tcs.Chrome" time="5.269" errors="0" timestamp="2023-05-26T13:50:59 IST" skipped="0">
  <testcase classname="com.tcs.Chrome" name="user_id" time="5.269"/>
  <system-out/>
</testsuite> <!-- com.tcs.Chrome -->
