<?xml version="1.0" encoding="UTF-8"?>
<!-- Generated by org.testng.reporters.JUnitReportReporter -->
<testsuite hostname="LAPTOP-1HVL26VJ" failures="0" tests="1" name="com.tcs.Fire" time="9.536" errors="0" timestamp="2023-05-26T13:50:59 IST" skipped="0">
  <testcase classname="com.tcs.Fire" name="browser" time="9.536"/>
  <system-out/>
</testsuite> <!-- com.tcs.Fire -->
