<?xml version="1.0" encoding="UTF-8"?>
<!-- Generated by org.testng.reporters.JUnitReportReporter -->
<testsuite hostname="LAPTOP-1HVL26VJ" failures="0" tests="1" name="com.extent.ExtentReportss" time="0.907" errors="0" timestamp="2023-07-07T12:17:15 IST" skipped="0">
  <testcase classname="com.extent.ExtentReportss" name="Demo" time="0.907"/>
  <system-out/>
</testsuite> <!-- com.extent.ExtentReportss -->
